IQ-TREE multicore version 1.4.4 for Mac OS X 64-bit built Aug 28 2016
Copyright (c) 2011-2015 Nguyen Lam Tung, Olga Chernomor, Arndt von Haeseler and Bui Quang Minh.

Host:    mmg-class-mac.local (SSE4.1, 4 GB RAM)
Command: /Applications/iqtree-omp -s /Users/picciani/Dropbox/Manuscritos/Latitudinal/Para_submeter/Marine_Biology_III/Analises_18S/aqua/manual_trimming/marine-biology/iqtree-7/all.fasta.muscle-trimmed.fasta -m TIM2+G4 -numstop 600 -nt 2 -bb 1000 -nm 5000 -pre rep2
Seed:    326519 (Using SPRNG - Scalable Parallel Random Number Generator)
Time:    Fri Sep  9 11:34:59 2016
Kernel:  SSE3 - 2 threads (2 CPU cores detected)

Reading alignment file /Users/picciani/Dropbox/Manuscritos/Latitudinal/Para_submeter/Marine_Biology_III/Analises_18S/aqua/manual_trimming/marine-biology/iqtree-7/all.fasta.muscle-trimmed.fasta ... Fasta format detected
Alignment most likely contains DNA/RNA sequences
Alignment has 148 sequences with 1422 columns and 469 patterns (201 informative sites)
                                                                    Gap/Ambiguity  Composition  p-value
   1  GU362426_Gymnodinium_catenatum                                        0.70%    passed     98.10%
   2  EF492511                                                              0.00%    passed     96.50%
   3  JF791031                                                              1.34%    passed     96.97%
   4  AY160124.1_Symbiodinium_sp._G15                                       0.00%    passed     97.19%
   5  HE653239_Symbiodinium_voratum                                         0.00%    passed     97.63%
   6  AJ271758.1_Symbiodinium_sp.                                           0.14%    passed     99.15%
   7  AJ271759.1_Symbiodinium_sp.                                           0.14%    passed     98.49%
   8  AJ271754.1_Symbiodinium_sp.                                           0.14%    passed     99.97%
   9  AJ271756.1_Symbiodinium_sp.                                           0.14%    passed     97.52%
  10  AJ271764.1_Symbiodinium_sp.                                           0.14%    passed     99.20%
  11  L13718.1_Symbiodinium_meandrinae                                      0.28%    passed     99.94%
  12  KU188508.1_Symbiodinium_sp.                                           0.28%    passed     99.97%
  13  AB055917.1_Symbiodinium_sp.                                           0.21%    passed     97.35%
  14  AJ271757.1_Symbiodinium_sp.                                           0.14%    passed     99.49%
  15  AB863030.1_Symbiodinium_sp.                                           0.14%    passed     99.21%
  16  AB016579.1_Symbiodinium_sp.                                           0.14%    passed     99.09%
  17  AB016572.1_Symbiodinium_sp.                                           0.14%    passed     99.09%
  18  AB183640.1_Symbiodinium_sp.                                           0.14%    passed     99.09%
  19  L13717.1_Symbiodinium_corculorum                                      0.49%    passed     99.94%
  20  AB055918.1_Symbiodinium_sp.                                           0.14%    passed     99.97%
  21  X62650.1_S.pilosum                                                    0.21%    passed     99.60%
  22  AB016723.1_Symbiodinium_sp.                                           0.14%    passed     99.96%
  23  AB016724.1_Symbiodinium_sp.                                           0.14%    passed     99.89%
  24  KU188515.1_Symbiodinium_sp.                                           0.28%    passed     99.86%
  25  KU188511.1_Symbiodinium_sp.                                           0.28%    passed     99.80%
  26  KU188514.1_Symbiodinium_sp.                                           0.28%    passed     99.59%
  27  AF238256.1_Symbiodinium_sp._Type_A                                    0.14%    passed     99.87%
  28  KU188513.1_Symbiodinium_sp.                                           0.28%    passed     99.58%
  29  KU188510.1_Symbiodinium_sp.                                           0.28%    passed     99.89%
  30  KU188509.1_Symbiodinium_sp.                                           0.28%    passed     99.80%
  31  AY456113.1_Symbiodinium_sp.                                           0.14%    passed     99.67%
  32  LK934669.1_Symbiodinium_microadriaticum                               0.14%    passed     99.90%
  33  LK934672.1_Symbiodinium_sp.                                           0.14%    passed     99.90%
  34  AB085913.1_Symbiodinium_sp.                                           0.14%    passed     99.90%
  35  KC848879.1_Symbiodinium_sp._clade_A                                   1.27%    passed     99.22%
  36  M88521.1_Symbiodinium_microadriaticum                                 0.14%    passed     99.90%
  37  AB016574.1_Symbiodinium_sp.                                           0.21%    passed     99.80%
  38  AB016581.1_Symbiodinium_sp.                                           0.14%    passed     99.87%
  39  AR10corrigido                                                         0.14%    passed     99.87%
  40  LK934674.1_Symbiodinium_sp.                                           0.14%    passed     99.87%
  41  BZ17corrigido                                                         0.14%    passed     99.87%
  42  AR4corrigido1                                                         0.14%    passed     99.87%
  43  AR2corrigido                                                          0.14%    passed     99.87%
  44  AB016573.1_Symbiodinium_sp.                                           0.14%    passed     99.87%
  45  AB085911.1_Symbiodinium_sp.                                           0.14%    passed     99.87%
  46  AR11corrigido                                                         0.14%    passed     99.87%
  47  AR1corrigido                                                          1.83%    passed     99.22%
  48  AR3corrigido3                                                         0.14%    passed     99.87%
  49  AR8corrigido1                                                         0.14%    passed     99.87%
  50  BZ19corrigido                                                         0.14%    passed     99.87%
  51  AF238257.1_Symbiodinium_sp._Type_B                                    0.00%    passed     99.90%
  52  AY443023.1_Symbiodinium_sp.                                           0.07%    passed     99.70%
  53  AY937258.1_Symbiodinium_sp.                                           0.00%    passed     99.90%
  54  SS07corrigido                                                         0.00%    passed     99.66%
  55  BZ14corrigido                                                         0.00%    passed     99.66%
  56  SS08corrigido                                                         1.83%    passed     97.90%
  57  BZ15corrigido                                                         2.60%    passed     99.86%
  58  AY456111.1_Symbiodinium_microadriaticum                               0.00%    passed     99.77%
  59  M88509.1_Symbiodinium_sp.                                             0.00%    passed     99.90%
  60  LK934670.1_Symbiodinium_minutum                                       0.00%    passed     99.86%
  61  LK934663.1_Symbiodinium_microadriaticum                               0.00%    passed     99.93%
  62  LK934668.1_Symbiodinium_microadriaticum                               0.00%    passed     99.93%
  63  AB016722.2_Symbiodinium_sp.                                           0.00%    passed     99.93%
  64  AB085915.1_Symbiodinium_sp.                                           0.00%    passed     99.93%
  65  KC848880.1_Symbiodinium_sp._clade_B_18S_ribosomal_RNA_gene_partial    1.13%    passed     99.96%
  66  AB016578.1_Symbiodinium                                               0.21%    passed     98.21%
  67  AB055914.1_Symbiodinium_sp.                                           0.00%    passed     99.77%
  68  AF238262.1_Symbiodinium                                               0.00%    passed     99.16%
  69  AB055915.1_Symbiodinium_sp.                                           0.00%    passed     99.11%
  70  AF238261.1_Symbiodinium_sp._Type_E                                    0.00%    passed     99.43%
  71  KC848881.1_Symbiodinium_sp._clade                                     1.13%    passed     99.71%
  72  HM067613.1_Symbiodinium_sp.                                           0.00%    passed     99.43%
  73  HM067608.1_Symbiodinium_sp.                                           0.00%    passed     99.20%
  74  HM067612.1_Symbiodinium_sp.                                           0.07%    passed     99.54%
  75  EF419290.1_Symbiodinium_sp._clade_C                                   0.00%    passed     98.74%
  76  EF419291.1_Symbiodinium_sp._clade_C                                   0.00%    passed     96.99%
  77  AY051091.1_Symbiodinium_sp.                                           0.00%    passed     99.95%
  78  AY051090.1_Symbiodinium_sp.                                           0.00%    passed     99.99%
  79  AY051094.1_Symbiodinium_sp.                                           0.00%    passed     99.93%
  80  AY051093.1_Symbiodinium_sp.                                           0.00%    passed     99.50%
  81  KU197083.1_Symbiodinium_sp._clade_C                                   0.00%    passed    100.00%
  82  EF419285.1_Symbiodinium_sp._clade_C                                   0.00%    passed     99.98%
  83  EF419286.1_Symbiodinium_sp._clade_C                                   0.00%    passed     99.76%
  84  EF419287.1_Symbiodinium_sp._clade_C                                   0.00%    passed    100.00%
  85  EF419284.1_Symbiodinium_sp._clade_C                                   0.00%    passed     99.00%
  86  AJ271777.1_Symbiodinium_sp.                                           0.07%    passed     99.20%
  87  AJ271774.1_Symbiodinium_sp.                                           0.00%    passed     99.76%
  88  AB126928.1_Symbiodinium                                               0.00%    passed     99.70%
  89  AF290917.1_Symbiodinium_sp.                                           0.00%    passed     98.74%
  90  AF290918.1_Symbiodinium_sp.                                           0.00%    passed     97.07%
  91  AY051089.1_Symbiodinium_sp.                                           0.00%    passed     97.02%
  92  AY139192.1_Symbiodinium_sp.                                           0.00%    passed     97.02%
  93  EF419283.1_Symbiodinium_sp._clade_C                                   0.00%    passed    100.00%
  94  AY051095.1_Symbiodinium_sp.                                           0.14%    passed     99.89%
  95  AJ271767.1_Symbiodinium_sp.                                           0.00%    passed     99.93%
  96  AB030646.1_Symbiodinium_sp.                                           0.00%    passed     99.10%
  97  AF271292.1_Symbiodinium_sp.                                           0.00%    passed     98.35%
  98  AJ271762.1_Symbiodinium_sp.                                           0.00%    passed     99.43%
  99  DQ838542.1_Symbiodinium_sp._clade_D                                   0.07%    passed     98.22%
 100  AF271291.1_Symbiodinium_sp.                                           0.00%    passed     99.98%
 101  EF419288.1_Symbiodinium_sp._clade_C                                   0.00%    passed     99.57%
 102  AJ271773.1_Symbiodinium_sp.                                           0.00%    passed     98.61%
 103  KC816640.1_Symbiodinium_sp._clade_C                                   0.00%    passed     99.33%
 104  AY525027.1_Symbiodinium_sp.                                           0.35%    passed     98.36%
 105  AJ271766.1_Symbiodinium_sp.                                           0.07%    passed     99.96%
 106  AF238259.1_Symbiodinium_sp._Type_C2                                   0.00%    passed     98.11%
 107  U10893.1_Symbiodinium_sp.                                             0.21%    passed     99.53%
 108  AJ271760.1_Symbiodinium_sp.                                           0.00%    passed     97.77%
 109  AJ271765.1_Symbiodinium_sp.                                           0.00%    passed     99.77%
 110  LK934673.1_Symbiodinium_sp.                                           0.00%    passed     99.32%
 111  LK934666.1_Symbiodinium_kawagutii                                     0.00%    passed     98.67%
 112  AB016594.1_Symbiodinium_sp.                                           0.00%    passed     98.67%
 113  HQ822131.1_Symbiodinium_kawagutii                                     0.00%    passed     98.67%
 114  JN255733.1_Symbiodinium_sp.                                           0.00%    passed     99.79%
 115  JN255734.1_Symbiodinium_sp.                                           0.00%    passed     99.89%
 116  AY051099.1_Symbiodinium_sp.                                           0.14%    passed     99.96%
 117  AF238258.1_Symbiodinium_sp._Type_C                                    0.07%    passed     99.98%
 118  AB126931.1_Symbiodinium                                               0.07%    passed     98.52%
 119  AJ271768.1_Symbiodinium_sp.                                           0.00%    passed     99.80%
 120  AB126929.1_Symbiodinium                                               0.00%    passed     99.86%
 121  AF238260.1_Symbiodinium_sp.                                           0.00%    passed     99.93%
 122  KC816670.1_Symbiodinium_sp._clade_C                                   0.00%    passed     99.57%
 123  AF255737.1_Symbiodinium_sp.                                           0.00%    passed     99.97%
 124  AJ271776.1_Symbiodinium_sp.                                           0.14%    passed     99.20%
 125  JN255737.1_Symbiodinium_sp.                                           0.00%    passed     99.82%
 126  DQ838543.1_Symbiodinium_sp._type_C                                    0.00%    passed     99.93%
 127  AJ271775.1_Symbiodinium_sp.                                           0.00%    passed     99.41%
 128  AB055911.1_Symbiodinium_sp.                                           0.00%    passed     98.86%
 129  KC816632.1_Symbiodinium_sp._clade_C                                   0.00%    passed     99.87%
 130  KC816659.1_Symbiodinium_sp._clade_C                                   0.00%    passed     99.70%
 131  JN255739.1_Symbiodinium_sp.                                           0.00%    passed     99.98%
 132  AB126930.1_Symbiodinium                                               0.00%    passed     99.95%
 133  JN255738.1_Symbiodinium_sp.                                           0.00%    passed     98.89%
 134  AB126926.1_Symbiodinium                                               0.00%    passed     99.84%
 135  AB055916.1_Symbiodinium_sp.                                           0.14%    passed     99.85%
 136  KC816660.1_Symbiodinium_sp._clade_C                                   0.00%    passed     99.57%
 137  AJ271761.1_Symbiodinium_sp.                                           0.00%    passed     99.80%
 138  KC848882.1_Symbiodinium_sp._clade_C                                   1.13%    passed     99.84%
 139  KC816631.1_Symbiodinium_sp._clade_C                                   0.00%    passed     98.85%
 140  AB016580.1_Symbiodinium_sp.                                           0.42%    passed     99.99%
 141  EF419289.1_Symbiodinium_sp._clade_C                                   0.00%    passed     99.98%
 142  AB016539.1_Symbiodinium_sp.                                           0.00%    passed     99.95%
 143  EF036539.1_Symbiodinium_goreaui                                       0.00%    passed     99.95%
 144  RF32corrigido                                                         0.00%    passed     99.95%
 145  RF17Acorrigido                                                        0.00%    passed     99.95%
 146  RF33Acorrigido                                                        0.70%    passed     99.93%
 147  AB085912.1_Symbiodinium_sp.                                           0.00%    passed     99.79%
 148  AB016595.1_Symbiodinium_sp.                                           0.00%    passed     99.79%
****  TOTAL                                                                 0.16%  0 sequences failed composition chi2 test (p-value<5%; df=3)
NOTE: 18 identical sequences (see below) will be ignored for subsequent analysis
NOTE: AB183640.1_Symbiodinium_sp. (identical to AB016579.1_Symbiodinium_sp.) is ignored but added at the end
NOTE: AB085913.1_Symbiodinium_sp. (identical to LK934669.1_Symbiodinium_microadriaticum) is ignored but added at the end
NOTE: M88521.1_Symbiodinium_microadriaticum (identical to LK934669.1_Symbiodinium_microadriaticum) is ignored but added at the end
NOTE: LK934674.1_Symbiodinium_sp. (identical to AB016581.1_Symbiodinium_sp.) is ignored but added at the end
NOTE: BZ17corrigido (identical to AB016581.1_Symbiodinium_sp.) is ignored but added at the end
NOTE: AR4corrigido1 (identical to AB016581.1_Symbiodinium_sp.) is ignored but added at the end
NOTE: AR2corrigido (identical to AB016581.1_Symbiodinium_sp.) is ignored but added at the end
NOTE: AB016573.1_Symbiodinium_sp. (identical to AB016581.1_Symbiodinium_sp.) is ignored but added at the end
NOTE: AB085911.1_Symbiodinium_sp. (identical to AB016581.1_Symbiodinium_sp.) is ignored but added at the end
NOTE: AR11corrigido (identical to AB016581.1_Symbiodinium_sp.) is ignored but added at the end
NOTE: AR3corrigido3 (identical to AB016581.1_Symbiodinium_sp.) is ignored but added at the end
NOTE: AR8corrigido1 (identical to AB016581.1_Symbiodinium_sp.) is ignored but added at the end
NOTE: BZ19corrigido (identical to AB016581.1_Symbiodinium_sp.) is ignored but added at the end
NOTE: AB016722.2_Symbiodinium_sp. (identical to LK934663.1_Symbiodinium_microadriaticum) is ignored but added at the end
NOTE: AB085915.1_Symbiodinium_sp. (identical to LK934663.1_Symbiodinium_microadriaticum) is ignored but added at the end
NOTE: HQ822131.1_Symbiodinium_kawagutii (identical to LK934666.1_Symbiodinium_kawagutii) is ignored but added at the end
NOTE: RF32corrigido (identical to AB016539.1_Symbiodinium_sp.) is ignored but added at the end
NOTE: RF17Acorrigido (identical to AB016539.1_Symbiodinium_sp.) is ignored but added at the end

Create initial parsimony tree by phylogenetic likelihood library (PLL)... 0.013 seconds
Generating 1000 samples for ultrafast bootstrap (seed: 326519)...

NOTE: 9 MB RAM is required!
Estimate model parameters (epsilon = 0.100)
1. Initial log-likelihood: -7707.066
2. Current log-likelihood: -7097.853
3. Current log-likelihood: -7097.662
Optimal log-likelihood: -7097.656
Rate parameters:  A-C: 1.485  A-G: 5.438  A-T: 1.485  C-G: 1.000  C-T: 10.639  G-T: 1.000
Base frequencies:   A: 0.263  C: 0.190  G: 0.269  T: 0.278
Gamma shape alpha: 0.858
Parameters optimization took 3 rounds (1.050 sec)
--------------------------------------------------------------------
|             INITIALIZING CANDIDATE TREE SET                      |
--------------------------------------------------------------------
Computing ML distances based on estimated model parameters... 0.213 sec
Computing BIONJ tree...
0.045 seconds
Log-likelihood of BIONJ tree: -7118.880
Generating 98 parsimony trees... 2.222 seconds 100 distinct starting trees
Computing log-likelihood of 100 initial trees ... 13.448 seconds
Optimizing top 20 initial trees with NNI...
Iteration 1 / LogL: -7085.503 / Time: 0h:0m:18s
Estimate model parameters (epsilon = 0.100)
BETTER TREE FOUND at iteration 1: -7085.495
Iteration 2 / LogL: -7087.490 / Time: 0h:0m:19s
Iteration 3 / LogL: -7088.104 / Time: 0h:0m:20s
Iteration 4 / LogL: -7088.127 / Time: 0h:0m:20s
Iteration 5 / LogL: -7089.037 / Time: 0h:0m:21s
Iteration 6 / LogL: -7088.442 / Time: 0h:0m:21s
Iteration 7 / LogL: -7089.243 / Time: 0h:0m:22s
Iteration 8 / LogL: -7089.903 / Time: 0h:0m:23s
Iteration 9 / LogL: -7089.938 / Time: 0h:0m:23s
Iteration 10 / LogL: -7090.199 / Time: 0h:0m:24s
Iteration 11 / LogL: -7090.558 / Time: 0h:0m:25s
Iteration 12 / LogL: -7090.621 / Time: 0h:0m:25s
Iteration 13 / LogL: -7090.585 / Time: 0h:0m:26s
Iteration 14 / LogL: -7090.859 / Time: 0h:0m:26s
Iteration 15 / LogL: -7091.025 / Time: 0h:0m:27s
Iteration 16 / LogL: -7091.273 / Time: 0h:0m:27s
Iteration 17 / LogL: -7091.551 / Time: 0h:0m:28s
Iteration 18 / LogL: -7092.986 / Time: 0h:0m:28s
Iteration 19 / LogL: -7093.226 / Time: 0h:0m:29s
Iteration 20 / LogL: -7093.658 / Time: 0h:0m:29s
Average CPU time for 1 NNI search: 0.749
Finish initializing candidate tree set. Number of distinct locally optimal trees: 20
Current best tree score: -7085.495 / CPU time: 30.798
--------------------------------------------------------------------
|               OPTIMIZING CANDIDATE TREE SET                      |
--------------------------------------------------------------------
Estimate model parameters (epsilon = 0.010)
BETTER TREE FOUND at iteration 26: -7085.265
Iteration 30 / LogL: -7085.552 / Time: 0h:0m:41s (0h:14m:0s left)
Iteration 40 / LogL: -7104.084 / Time: 0h:0m:56s (0h:14m:11s left)
Iteration 50 / LogL: -7091.773 / Time: 0h:1m:6s (0h:13m:4s left)
Log-likelihood cutoff on original alignment: -7116.975
Iteration 60 / LogL: -7096.419 / Time: 0h:1m:17s (0h:12m:19s left)
Iteration 70 / LogL: -7104.869 / Time: 0h:1m:29s (0h:11m:58s left)
Iteration 80 / LogL: -7090.750 / Time: 0h:1m:39s (0h:11m:28s left)
Iteration 90 / LogL: -7121.901 / Time: 0h:1m:47s (0h:10m:48s left)
Iteration 100 / LogL: -7087.313 / Time: 0h:2m:0s (0h:10m:39s left)
Log-likelihood cutoff on original alignment: -7116.975
NOTE: Bootstrap correlation coefficient of split occurrence frequencies: 0.997
Iteration 110 / LogL: -7097.924 / Time: 0h:2m:10s (0h:10m:16s left)
Iteration 120 / LogL: -7128.481 / Time: 0h:2m:18s (0h:9m:48s left)
Iteration 130 / LogL: -7137.746 / Time: 0h:2m:29s (0h:9m:33s left)
Iteration 140 / LogL: -7094.385 / Time: 0h:2m:36s (0h:9m:7s left)
Iteration 150 / LogL: -7090.711 / Time: 0h:2m:44s (0h:8m:44s left)
Log-likelihood cutoff on original alignment: -7116.975
Iteration 160 / LogL: -7137.370 / Time: 0h:2m:54s (0h:8m:30s left)
Iteration 170 / LogL: -7085.290 / Time: 0h:3m:0s (0h:8m:7s left)
Iteration 180 / LogL: -7092.901 / Time: 0h:3m:8s (0h:7m:48s left)
Iteration 190 / LogL: -7090.462 / Time: 0h:3m:14s (0h:7m:29s left)
Iteration 200 / LogL: -7101.764 / Time: 0h:3m:22s (0h:7m:14s left)
Log-likelihood cutoff on original alignment: -7117.996
NOTE: Bootstrap correlation coefficient of split occurrence frequencies: 0.989
Iteration 210 / LogL: -7090.372 / Time: 0h:3m:32s (0h:7m:2s left)
Iteration 220 / LogL: -7109.774 / Time: 0h:3m:41s (0h:6m:49s left)
Iteration 230 / LogL: -7087.182 / Time: 0h:3m:49s (0h:6m:37s left)
Iteration 240 / LogL: -7095.374 / Time: 0h:3m:59s (0h:6m:25s left)
Iteration 250 / LogL: -7164.864 / Time: 0h:4m:7s (0h:6m:13s left)
Log-likelihood cutoff on original alignment: -7117.996
Iteration 260 / LogL: -7087.762 / Time: 0h:4m:20s (0h:6m:7s left)
Iteration 270 / LogL: -7098.125 / Time: 0h:4m:27s (0h:5m:53s left)
Iteration 280 / LogL: -7087.978 / Time: 0h:4m:35s (0h:5m:41s left)
Iteration 290 / LogL: -7092.352 / Time: 0h:4m:51s (0h:5m:38s left)
Iteration 300 / LogL: -7085.688 / Time: 0h:5m:5s (0h:5m:33s left)
Log-likelihood cutoff on original alignment: -7118.155
NOTE: Bootstrap correlation coefficient of split occurrence frequencies: 0.997
Iteration 310 / LogL: -7096.202 / Time: 0h:5m:23s (0h:5m:30s left)
Iteration 320 / LogL: -7089.133 / Time: 0h:5m:42s (0h:5m:28s left)
Iteration 330 / LogL: -7098.163 / Time: 0h:6m:4s (0h:5m:27s left)
Iteration 340 / LogL: -7086.665 / Time: 0h:6m:18s (0h:5m:18s left)
Iteration 350 / LogL: -7104.570 / Time: 0h:6m:31s (0h:5m:9s left)
Log-likelihood cutoff on original alignment: -7118.155
Iteration 360 / LogL: -7131.571 / Time: 0h:6m:53s (0h:5m:6s left)
Iteration 370 / LogL: -7085.340 / Time: 0h:7m:18s (0h:5m:4s left)
Iteration 380 / LogL: -7096.908 / Time: 0h:7m:30s (0h:4m:52s left)
Iteration 390 / LogL: -7086.989 / Time: 0h:7m:41s (0h:4m:39s left)
Iteration 400 / LogL: -7114.219 / Time: 0h:7m:49s (0h:4m:25s left)
Log-likelihood cutoff on original alignment: -7118.155
NOTE: Bootstrap correlation coefficient of split occurrence frequencies: 0.997
Iteration 410 / LogL: -7097.374 / Time: 0h:7m:58s (0h:4m:12s left)
Iteration 420 / LogL: -7089.120 / Time: 0h:8m:6s (0h:3m:59s left)
Iteration 430 / LogL: -7184.067 / Time: 0h:8m:14s (0h:3m:45s left)
Iteration 440 / LogL: -7098.883 / Time: 0h:8m:21s (0h:3m:32s left)
Iteration 450 / LogL: -7090.077 / Time: 0h:8m:30s (0h:3m:20s left)
Log-likelihood cutoff on original alignment: -7117.996
Iteration 460 / LogL: -7108.904 / Time: 0h:8m:39s (0h:3m:7s left)
Iteration 470 / LogL: -7125.133 / Time: 0h:8m:47s (0h:2m:55s left)
Iteration 480 / LogL: -7115.586 / Time: 0h:8m:55s (0h:2m:43s left)
Iteration 490 / LogL: -7107.334 / Time: 0h:9m:2s (0h:2m:30s left)
Iteration 500 / LogL: -7106.154 / Time: 0h:9m:10s (0h:2m:18s left)
Log-likelihood cutoff on original alignment: -7117.996
NOTE: Bootstrap correlation coefficient of split occurrence frequencies: 0.997
Iteration 510 / LogL: -7092.621 / Time: 0h:9m:19s (0h:2m:7s left)
Iteration 520 / LogL: -7085.347 / Time: 0h:9m:27s (0h:1m:55s left)
Iteration 530 / LogL: -7100.401 / Time: 0h:9m:36s (0h:1m:44s left)
Iteration 540 / LogL: -7107.061 / Time: 0h:9m:44s (0h:1m:33s left)
Iteration 550 / LogL: -7085.266 / Time: 0h:9m:52s (0h:1m:21s left)
Log-likelihood cutoff on original alignment: -7117.996
Iteration 560 / LogL: -7101.764 / Time: 0h:10m:1s (0h:1m:10s left)
Iteration 570 / LogL: -7104.230 / Time: 0h:10m:9s (0h:0m:59s left)
Iteration 580 / LogL: -7088.698 / Time: 0h:10m:17s (0h:0m:49s left)
Iteration 590 / LogL: -7139.465 / Time: 0h:10m:25s (0h:0m:38s left)
Iteration 600 / LogL: -7120.888 / Time: 0h:10m:33s (0h:0m:27s left)
Log-likelihood cutoff on original alignment: -7117.996
NOTE: Bootstrap correlation coefficient of split occurrence frequencies: 0.999
Iteration 610 / LogL: -7090.760 / Time: 0h:10m:43s (0h:1m:35s left)
Iteration 620 / LogL: -7106.853 / Time: 0h:10m:51s (0h:1m:24s left)
TREE SEARCH COMPLETED AFTER 626 ITERATIONS / Time: 0h:10m:56s

--------------------------------------------------------------------
|                    FINALIZING TREE SEARCH                        |
--------------------------------------------------------------------
Performs final model parameters optimization
Estimate model parameters (epsilon = 0.010)
1. Initial log-likelihood: -7085.263
Optimal log-likelihood: -7085.258
Rate parameters:  A-C: 1.478  A-G: 5.507  A-T: 1.478  C-G: 1.000  C-T: 10.659  G-T: 1.000
Base frequencies:   A: 0.263  C: 0.190  G: 0.269  T: 0.278
Gamma shape alpha: 0.873
Parameters optimization took 1 rounds (0.127 sec)
BEST SCORE FOUND : -7085.258
Creating bootstrap support values...
Split supports printed to NEXUS file rep2.splits.nex
Total tree length: 0.544

Total number of iterations: 626
CPU time used for tree search: 820.671 sec (0h:13m:40s)
Wall-clock time used for tree search: 654.731 sec (0h:10m:54s)
Total CPU time used: 824.588 sec (0h:13m:44s)
Total wall-clock time used: 657.860 sec (0h:10m:57s)

Computing bootstrap consensus tree...
Reading input file rep2.splits.nex...
130 taxa and 2904 splits.
Consensus tree written to rep2.contree
Log-likelihood of consensus tree: -7085.500
Reading input trees file rep2.contree

Analysis results written to: 
  IQ-TREE report:                rep2.iqtree
  Maximum-likelihood tree:       rep2.treefile
  Likelihood distances:          rep2.mldist

Ultrafast bootstrap approximation results written to:
  Split support values:          rep2.splits.nex
  Consensus tree:                rep2.contree
  Screen log file:               rep2.log

Date and Time: Fri Sep  9 11:45:58 2016
