IQ-TREE multicore version 1.4.4 for Mac OS X 64-bit built Aug 28 2016
Copyright (c) 2011-2015 Nguyen Lam Tung, Olga Chernomor, Arndt von Haeseler and Bui Quang Minh.

Host:    mmg-class-mac.local (SSE4.1, 4 GB RAM)
Command: /Applications/iqtree-omp -s /Users/picciani/Dropbox/Manuscritos/Latitudinal/Para_submeter/Marine_Biology_III/Analises_18S/aqua/manual_trimming/marine-biology/iqtree-7/all.fasta.muscle-trimmed.fasta -m TIM2+G4 -numstop 600 -nt 2 -bb 1000 -nm 5000 -pre rep3
Seed:    664614 (Using SPRNG - Scalable Parallel Random Number Generator)
Time:    Fri Sep  9 11:45:58 2016
Kernel:  SSE3 - 2 threads (2 CPU cores detected)

Reading alignment file /Users/picciani/Dropbox/Manuscritos/Latitudinal/Para_submeter/Marine_Biology_III/Analises_18S/aqua/manual_trimming/marine-biology/iqtree-7/all.fasta.muscle-trimmed.fasta ... Fasta format detected
Alignment most likely contains DNA/RNA sequences
Alignment has 148 sequences with 1422 columns and 469 patterns (201 informative sites)
                                                                    Gap/Ambiguity  Composition  p-value
   1  GU362426_Gymnodinium_catenatum                                        0.70%    passed     98.10%
   2  EF492511                                                              0.00%    passed     96.50%
   3  JF791031                                                              1.34%    passed     96.97%
   4  AY160124.1_Symbiodinium_sp._G15                                       0.00%    passed     97.19%
   5  HE653239_Symbiodinium_voratum                                         0.00%    passed     97.63%
   6  AJ271758.1_Symbiodinium_sp.                                           0.14%    passed     99.15%
   7  AJ271759.1_Symbiodinium_sp.                                           0.14%    passed     98.49%
   8  AJ271754.1_Symbiodinium_sp.                                           0.14%    passed     99.97%
   9  AJ271756.1_Symbiodinium_sp.                                           0.14%    passed     97.52%
  10  AJ271764.1_Symbiodinium_sp.                                           0.14%    passed     99.20%
  11  L13718.1_Symbiodinium_meandrinae                                      0.28%    passed     99.94%
  12  KU188508.1_Symbiodinium_sp.                                           0.28%    passed     99.97%
  13  AB055917.1_Symbiodinium_sp.                                           0.21%    passed     97.35%
  14  AJ271757.1_Symbiodinium_sp.                                           0.14%    passed     99.49%
  15  AB863030.1_Symbiodinium_sp.                                           0.14%    passed     99.21%
  16  AB016579.1_Symbiodinium_sp.                                           0.14%    passed     99.09%
  17  AB016572.1_Symbiodinium_sp.                                           0.14%    passed     99.09%
  18  AB183640.1_Symbiodinium_sp.                                           0.14%    passed     99.09%
  19  L13717.1_Symbiodinium_corculorum                                      0.49%    passed     99.94%
  20  AB055918.1_Symbiodinium_sp.                                           0.14%    passed     99.97%
  21  X62650.1_S.pilosum                                                    0.21%    passed     99.60%
  22  AB016723.1_Symbiodinium_sp.                                           0.14%    passed     99.96%
  23  AB016724.1_Symbiodinium_sp.                                           0.14%    passed     99.89%
  24  KU188515.1_Symbiodinium_sp.                                           0.28%    passed     99.86%
  25  KU188511.1_Symbiodinium_sp.                                           0.28%    passed     99.80%
  26  KU188514.1_Symbiodinium_sp.                                           0.28%    passed     99.59%
  27  AF238256.1_Symbiodinium_sp._Type_A                                    0.14%    passed     99.87%
  28  KU188513.1_Symbiodinium_sp.                                           0.28%    passed     99.58%
  29  KU188510.1_Symbiodinium_sp.                                           0.28%    passed     99.89%
  30  KU188509.1_Symbiodinium_sp.                                           0.28%    passed     99.80%
  31  AY456113.1_Symbiodinium_sp.                                           0.14%    passed     99.67%
  32  LK934669.1_Symbiodinium_microadriaticum                               0.14%    passed     99.90%
  33  LK934672.1_Symbiodinium_sp.                                           0.14%    passed     99.90%
  34  AB085913.1_Symbiodinium_sp.                                           0.14%    passed     99.90%
  35  KC848879.1_Symbiodinium_sp._clade_A                                   1.27%    passed     99.22%
  36  M88521.1_Symbiodinium_microadriaticum                                 0.14%    passed     99.90%
  37  AB016574.1_Symbiodinium_sp.                                           0.21%    passed     99.80%
  38  AB016581.1_Symbiodinium_sp.                                           0.14%    passed     99.87%
  39  AR10corrigido                                                         0.14%    passed     99.87%
  40  LK934674.1_Symbiodinium_sp.                                           0.14%    passed     99.87%
  41  BZ17corrigido                                                         0.14%    passed     99.87%
  42  AR4corrigido1                                                         0.14%    passed     99.87%
  43  AR2corrigido                                                          0.14%    passed     99.87%
  44  AB016573.1_Symbiodinium_sp.                                           0.14%    passed     99.87%
  45  AB085911.1_Symbiodinium_sp.                                           0.14%    passed     99.87%
  46  AR11corrigido                                                         0.14%    passed     99.87%
  47  AR1corrigido                                                          1.83%    passed     99.22%
  48  AR3corrigido3                                                         0.14%    passed     99.87%
  49  AR8corrigido1                                                         0.14%    passed     99.87%
  50  BZ19corrigido                                                         0.14%    passed     99.87%
  51  AF238257.1_Symbiodinium_sp._Type_B                                    0.00%    passed     99.90%
  52  AY443023.1_Symbiodinium_sp.                                           0.07%    passed     99.70%
  53  AY937258.1_Symbiodinium_sp.                                           0.00%    passed     99.90%
  54  SS07corrigido                                                         0.00%    passed     99.66%
  55  BZ14corrigido                                                         0.00%    passed     99.66%
  56  SS08corrigido                                                         1.83%    passed     97.90%
  57  BZ15corrigido                                                         2.60%    passed     99.86%
  58  AY456111.1_Symbiodinium_microadriaticum                               0.00%    passed     99.77%
  59  M88509.1_Symbiodinium_sp.                                             0.00%    passed     99.90%
  60  LK934670.1_Symbiodinium_minutum                                       0.00%    passed     99.86%
  61  LK934663.1_Symbiodinium_microadriaticum                               0.00%    passed     99.93%
  62  LK934668.1_Symbiodinium_microadriaticum                               0.00%    passed     99.93%
  63  AB016722.2_Symbiodinium_sp.                                           0.00%    passed     99.93%
  64  AB085915.1_Symbiodinium_sp.                                           0.00%    passed     99.93%
  65  KC848880.1_Symbiodinium_sp._clade_B_18S_ribosomal_RNA_gene_partial    1.13%    passed     99.96%
  66  AB016578.1_Symbiodinium                                               0.21%    passed     98.21%
  67  AB055914.1_Symbiodinium_sp.                                           0.00%    passed     99.77%
  68  AF238262.1_Symbiodinium                                               0.00%    passed     99.16%
  69  AB055915.1_Symbiodinium_sp.                                           0.00%    passed     99.11%
  70  AF238261.1_Symbiodinium_sp._Type_E                                    0.00%    passed     99.43%
  71  KC848881.1_Symbiodinium_sp._clade                                     1.13%    passed     99.71%
  72  HM067613.1_Symbiodinium_sp.                                           0.00%    passed     99.43%
  73  HM067608.1_Symbiodinium_sp.                                           0.00%    passed     99.20%
  74  HM067612.1_Symbiodinium_sp.                                           0.07%    passed     99.54%
  75  EF419290.1_Symbiodinium_sp._clade_C                                   0.00%    passed     98.74%
  76  EF419291.1_Symbiodinium_sp._clade_C                                   0.00%    passed     96.99%
  77  AY051091.1_Symbiodinium_sp.                                           0.00%    passed     99.95%
  78  AY051090.1_Symbiodinium_sp.                                           0.00%    passed     99.99%
  79  AY051094.1_Symbiodinium_sp.                                           0.00%    passed     99.93%
  80  AY051093.1_Symbiodinium_sp.                                           0.00%    passed     99.50%
  81  KU197083.1_Symbiodinium_sp._clade_C                                   0.00%    passed    100.00%
  82  EF419285.1_Symbiodinium_sp._clade_C                                   0.00%    passed     99.98%
  83  EF419286.1_Symbiodinium_sp._clade_C                                   0.00%    passed     99.76%
  84  EF419287.1_Symbiodinium_sp._clade_C                                   0.00%    passed    100.00%
  85  EF419284.1_Symbiodinium_sp._clade_C                                   0.00%    passed     99.00%
  86  AJ271777.1_Symbiodinium_sp.                                           0.07%    passed     99.20%
  87  AJ271774.1_Symbiodinium_sp.                                           0.00%    passed     99.76%
  88  AB126928.1_Symbiodinium                                               0.00%    passed     99.70%
  89  AF290917.1_Symbiodinium_sp.                                           0.00%    passed     98.74%
  90  AF290918.1_Symbiodinium_sp.                                           0.00%    passed     97.07%
  91  AY051089.1_Symbiodinium_sp.                                           0.00%    passed     97.02%
  92  AY139192.1_Symbiodinium_sp.                                           0.00%    passed     97.02%
  93  EF419283.1_Symbiodinium_sp._clade_C                                   0.00%    passed    100.00%
  94  AY051095.1_Symbiodinium_sp.                                           0.14%    passed     99.89%
  95  AJ271767.1_Symbiodinium_sp.                                           0.00%    passed     99.93%
  96  AB030646.1_Symbiodinium_sp.                                           0.00%    passed     99.10%
  97  AF271292.1_Symbiodinium_sp.                                           0.00%    passed     98.35%
  98  AJ271762.1_Symbiodinium_sp.                                           0.00%    passed     99.43%
  99  DQ838542.1_Symbiodinium_sp._clade_D                                   0.07%    passed     98.22%
 100  AF271291.1_Symbiodinium_sp.                                           0.00%    passed     99.98%
 101  EF419288.1_Symbiodinium_sp._clade_C                                   0.00%    passed     99.57%
 102  AJ271773.1_Symbiodinium_sp.                                           0.00%    passed     98.61%
 103  KC816640.1_Symbiodinium_sp._clade_C                                   0.00%    passed     99.33%
 104  AY525027.1_Symbiodinium_sp.                                           0.35%    passed     98.36%
 105  AJ271766.1_Symbiodinium_sp.                                           0.07%    passed     99.96%
 106  AF238259.1_Symbiodinium_sp._Type_C2                                   0.00%    passed     98.11%
 107  U10893.1_Symbiodinium_sp.                                             0.21%    passed     99.53%
 108  AJ271760.1_Symbiodinium_sp.                                           0.00%    passed     97.77%
 109  AJ271765.1_Symbiodinium_sp.                                           0.00%    passed     99.77%
 110  LK934673.1_Symbiodinium_sp.                                           0.00%    passed     99.32%
 111  LK934666.1_Symbiodinium_kawagutii                                     0.00%    passed     98.67%
 112  AB016594.1_Symbiodinium_sp.                                           0.00%    passed     98.67%
 113  HQ822131.1_Symbiodinium_kawagutii                                     0.00%    passed     98.67%
 114  JN255733.1_Symbiodinium_sp.                                           0.00%    passed     99.79%
 115  JN255734.1_Symbiodinium_sp.                                           0.00%    passed     99.89%
 116  AY051099.1_Symbiodinium_sp.                                           0.14%    passed     99.96%
 117  AF238258.1_Symbiodinium_sp._Type_C                                    0.07%    passed     99.98%
 118  AB126931.1_Symbiodinium                                               0.07%    passed     98.52%
 119  AJ271768.1_Symbiodinium_sp.                                           0.00%    passed     99.80%
 120  AB126929.1_Symbiodinium                                               0.00%    passed     99.86%
 121  AF238260.1_Symbiodinium_sp.                                           0.00%    passed     99.93%
 122  KC816670.1_Symbiodinium_sp._clade_C                                   0.00%    passed     99.57%
 123  AF255737.1_Symbiodinium_sp.                                           0.00%    passed     99.97%
 124  AJ271776.1_Symbiodinium_sp.                                           0.14%    passed     99.20%
 125  JN255737.1_Symbiodinium_sp.                                           0.00%    passed     99.82%
 126  DQ838543.1_Symbiodinium_sp._type_C                                    0.00%    passed     99.93%
 127  AJ271775.1_Symbiodinium_sp.                                           0.00%    passed     99.41%
 128  AB055911.1_Symbiodinium_sp.                                           0.00%    passed     98.86%
 129  KC816632.1_Symbiodinium_sp._clade_C                                   0.00%    passed     99.87%
 130  KC816659.1_Symbiodinium_sp._clade_C                                   0.00%    passed     99.70%
 131  JN255739.1_Symbiodinium_sp.                                           0.00%    passed     99.98%
 132  AB126930.1_Symbiodinium                                               0.00%    passed     99.95%
 133  JN255738.1_Symbiodinium_sp.                                           0.00%    passed     98.89%
 134  AB126926.1_Symbiodinium                                               0.00%    passed     99.84%
 135  AB055916.1_Symbiodinium_sp.                                           0.14%    passed     99.85%
 136  KC816660.1_Symbiodinium_sp._clade_C                                   0.00%    passed     99.57%
 137  AJ271761.1_Symbiodinium_sp.                                           0.00%    passed     99.80%
 138  KC848882.1_Symbiodinium_sp._clade_C                                   1.13%    passed     99.84%
 139  KC816631.1_Symbiodinium_sp._clade_C                                   0.00%    passed     98.85%
 140  AB016580.1_Symbiodinium_sp.                                           0.42%    passed     99.99%
 141  EF419289.1_Symbiodinium_sp._clade_C                                   0.00%    passed     99.98%
 142  AB016539.1_Symbiodinium_sp.                                           0.00%    passed     99.95%
 143  EF036539.1_Symbiodinium_goreaui                                       0.00%    passed     99.95%
 144  RF32corrigido                                                         0.00%    passed     99.95%
 145  RF17Acorrigido                                                        0.00%    passed     99.95%
 146  RF33Acorrigido                                                        0.70%    passed     99.93%
 147  AB085912.1_Symbiodinium_sp.                                           0.00%    passed     99.79%
 148  AB016595.1_Symbiodinium_sp.                                           0.00%    passed     99.79%
****  TOTAL                                                                 0.16%  0 sequences failed composition chi2 test (p-value<5%; df=3)
NOTE: 18 identical sequences (see below) will be ignored for subsequent analysis
NOTE: AB183640.1_Symbiodinium_sp. (identical to AB016579.1_Symbiodinium_sp.) is ignored but added at the end
NOTE: AB085913.1_Symbiodinium_sp. (identical to LK934669.1_Symbiodinium_microadriaticum) is ignored but added at the end
NOTE: M88521.1_Symbiodinium_microadriaticum (identical to LK934669.1_Symbiodinium_microadriaticum) is ignored but added at the end
NOTE: LK934674.1_Symbiodinium_sp. (identical to AB016581.1_Symbiodinium_sp.) is ignored but added at the end
NOTE: BZ17corrigido (identical to AB016581.1_Symbiodinium_sp.) is ignored but added at the end
NOTE: AR4corrigido1 (identical to AB016581.1_Symbiodinium_sp.) is ignored but added at the end
NOTE: AR2corrigido (identical to AB016581.1_Symbiodinium_sp.) is ignored but added at the end
NOTE: AB016573.1_Symbiodinium_sp. (identical to AB016581.1_Symbiodinium_sp.) is ignored but added at the end
NOTE: AB085911.1_Symbiodinium_sp. (identical to AB016581.1_Symbiodinium_sp.) is ignored but added at the end
NOTE: AR11corrigido (identical to AB016581.1_Symbiodinium_sp.) is ignored but added at the end
NOTE: AR3corrigido3 (identical to AB016581.1_Symbiodinium_sp.) is ignored but added at the end
NOTE: AR8corrigido1 (identical to AB016581.1_Symbiodinium_sp.) is ignored but added at the end
NOTE: BZ19corrigido (identical to AB016581.1_Symbiodinium_sp.) is ignored but added at the end
NOTE: AB016722.2_Symbiodinium_sp. (identical to LK934663.1_Symbiodinium_microadriaticum) is ignored but added at the end
NOTE: AB085915.1_Symbiodinium_sp. (identical to LK934663.1_Symbiodinium_microadriaticum) is ignored but added at the end
NOTE: HQ822131.1_Symbiodinium_kawagutii (identical to LK934666.1_Symbiodinium_kawagutii) is ignored but added at the end
NOTE: RF32corrigido (identical to AB016539.1_Symbiodinium_sp.) is ignored but added at the end
NOTE: RF17Acorrigido (identical to AB016539.1_Symbiodinium_sp.) is ignored but added at the end

Create initial parsimony tree by phylogenetic likelihood library (PLL)... 0.013 seconds
Generating 1000 samples for ultrafast bootstrap (seed: 664614)...

NOTE: 9 MB RAM is required!
Estimate model parameters (epsilon = 0.100)
1. Initial log-likelihood: -7697.322
2. Current log-likelihood: -7097.065
3. Current log-likelihood: -7096.566
Optimal log-likelihood: -7096.529
Rate parameters:  A-C: 1.451  A-G: 5.373  A-T: 1.451  C-G: 1.000  C-T: 10.098  G-T: 1.000
Base frequencies:   A: 0.263  C: 0.190  G: 0.269  T: 0.278
Gamma shape alpha: 0.865
Parameters optimization took 3 rounds (0.763 sec)
--------------------------------------------------------------------
|             INITIALIZING CANDIDATE TREE SET                      |
--------------------------------------------------------------------
Computing ML distances based on estimated model parameters... 0.220 sec
Computing BIONJ tree...
0.029 seconds
Log-likelihood of BIONJ tree: -7119.177
Generating 98 parsimony trees... 2.134 seconds 100 distinct starting trees
Computing log-likelihood of 100 initial trees ... 6.172 seconds
Optimizing top 20 initial trees with NNI...
Iteration 1 / LogL: -7087.683 / Time: 0h:0m:9s
Estimate model parameters (epsilon = 0.100)
BETTER TREE FOUND at iteration 1: -7087.350
Iteration 2 / LogL: -7088.331 / Time: 0h:0m:10s
Iteration 3 / LogL: -7088.431 / Time: 0h:0m:10s
Iteration 4 / LogL: -7088.622 / Time: 0h:0m:11s
Iteration 5 / LogL: -7088.971 / Time: 0h:0m:11s
Iteration 6 / LogL: -7088.674 / Time: 0h:0m:11s
Iteration 7 / LogL: -7088.768 / Time: 0h:0m:12s
Iteration 8 / LogL: -7089.590 / Time: 0h:0m:12s
Iteration 9 / LogL: -7090.755 / Time: 0h:0m:13s
Iteration 10 / LogL: -7090.615 / Time: 0h:0m:13s
Iteration 11 / LogL: -7088.160 / Time: 0h:0m:14s
Iteration 12 / LogL: -7091.414 / Time: 0h:0m:14s
Iteration 13 / LogL: -7091.449 / Time: 0h:0m:15s
Iteration 14 / LogL: -7091.836 / Time: 0h:0m:15s
Iteration 15 / LogL: -7092.156 / Time: 0h:0m:15s
Iteration 16 / LogL: -7092.297 / Time: 0h:0m:16s
Iteration 17 / LogL: -7092.405 / Time: 0h:0m:16s
Iteration 18 / LogL: -7093.222 / Time: 0h:0m:17s
Iteration 19 / LogL: -7093.274 / Time: 0h:0m:17s
Iteration 20 / LogL: -7093.518 / Time: 0h:0m:17s
Average CPU time for 1 NNI search: 0.751
Finish initializing candidate tree set. Number of distinct locally optimal trees: 20
Current best tree score: -7087.350 / CPU time: 28.884
--------------------------------------------------------------------
|               OPTIMIZING CANDIDATE TREE SET                      |
--------------------------------------------------------------------
Estimate model parameters (epsilon = 0.010)
BETTER TREE FOUND at iteration 21: -7086.184
Iteration 30 / LogL: -7090.319 / Time: 0h:0m:23s (0h:7m:53s left)
Iteration 40 / LogL: -7110.103 / Time: 0h:0m:28s (0h:7m:3s left)
Iteration 50 / LogL: -7107.748 / Time: 0h:0m:33s (0h:6m:26s left)
Log-likelihood cutoff on original alignment: -7118.421
Iteration 60 / LogL: -7092.533 / Time: 0h:0m:40s (0h:6m:20s left)
Iteration 70 / LogL: -7137.807 / Time: 0h:0m:45s (0h:6m:4s left)
Iteration 80 / LogL: -7107.201 / Time: 0h:0m:51s (0h:5m:52s left)
Iteration 90 / LogL: -7095.326 / Time: 0h:0m:57s (0h:5m:39s left)
Iteration 100 / LogL: -7127.479 / Time: 0h:1m:2s (0h:5m:28s left)
Log-likelihood cutoff on original alignment: -7118.421
NOTE: Bootstrap correlation coefficient of split occurrence frequencies: 0.992
Iteration 110 / LogL: -7091.363 / Time: 0h:1m:11s (0h:5m:32s left)
Iteration 120 / LogL: -7091.440 / Time: 0h:1m:21s (0h:5m:41s left)
Iteration 130 / LogL: -7114.344 / Time: 0h:1m:27s (0h:5m:31s left)
Iteration 140 / LogL: -7091.975 / Time: 0h:1m:34s (0h:5m:27s left)
Iteration 150 / LogL: -7104.036 / Time: 0h:1m:43s (0h:5m:26s left)
Log-likelihood cutoff on original alignment: -7117.245
Iteration 160 / LogL: -7134.567 / Time: 0h:1m:49s (0h:5m:18s left)
Iteration 170 / LogL: -7087.739 / Time: 0h:1m:55s (0h:5m:7s left)
Iteration 180 / LogL: -7086.953 / Time: 0h:2m:1s (0h:4m:58s left)
Iteration 190 / LogL: -7094.997 / Time: 0h:2m:7s (0h:4m:50s left)
Iteration 200 / LogL: -7109.372 / Time: 0h:2m:14s (0h:4m:44s left)
Log-likelihood cutoff on original alignment: -7118.232
NOTE: Bootstrap correlation coefficient of split occurrence frequencies: 0.992
Iteration 210 / LogL: -7090.064 / Time: 0h:2m:29s (0h:4m:53s left)
Iteration 220 / LogL: -7128.533 / Time: 0h:2m:37s (0h:4m:48s left)
Iteration 230 / LogL: -7086.189 / Time: 0h:2m:47s (0h:4m:45s left)
Iteration 240 / LogL: -7122.362 / Time: 0h:2m:54s (0h:4m:37s left)
Iteration 250 / LogL: -7110.296 / Time: 0h:3m:0s (0h:4m:29s left)
Log-likelihood cutoff on original alignment: -7119.169
Iteration 260 / LogL: -7085.892 / Time: 0h:3m:9s (0h:4m:23s left)
Estimate model parameters (epsilon = 0.010)
BETTER TREE FOUND at iteration 260: -7085.884
Iteration 270 / LogL: -7109.410 / Time: 0h:3m:16s (0h:7m:10s left)
Estimate model parameters (epsilon = 0.010)
BETTER TREE FOUND at iteration 272: -7085.414
Iteration 280 / LogL: -7085.951 / Time: 0h:3m:24s (0h:7m:14s left)
Iteration 290 / LogL: -7101.466 / Time: 0h:3m:32s (0h:7m:6s left)
Iteration 300 / LogL: -7087.496 / Time: 0h:3m:42s (0h:7m:5s left)
Log-likelihood cutoff on original alignment: -7118.232
NOTE: Bootstrap correlation coefficient of split occurrence frequencies: 0.996
Iteration 310 / LogL: -7085.631 / Time: 0h:3m:51s (0h:7m:0s left)
Iteration 320 / LogL: -7125.933 / Time: 0h:3m:58s (0h:6m:52s left)
Iteration 330 / LogL: -7113.083 / Time: 0h:4m:4s (0h:6m:43s left)
Iteration 340 / LogL: -7106.314 / Time: 0h:4m:11s (0h:6m:34s left)
Iteration 350 / LogL: -7086.386 / Time: 0h:4m:19s (0h:6m:28s left)
Log-likelihood cutoff on original alignment: -7120.215
Iteration 360 / LogL: -7090.402 / Time: 0h:4m:31s (0h:6m:26s left)
Iteration 370 / LogL: -7098.277 / Time: 0h:4m:37s (0h:6m:17s left)
Iteration 380 / LogL: -7098.788 / Time: 0h:4m:45s (0h:6m:10s left)
Iteration 390 / LogL: -7103.765 / Time: 0h:4m:52s (0h:6m:2s left)
Iteration 400 / LogL: -7089.096 / Time: 0h:4m:59s (0h:5m:53s left)
Log-likelihood cutoff on original alignment: -7120.215
NOTE: Bootstrap correlation coefficient of split occurrence frequencies: 0.992
Iteration 410 / LogL: -7087.412 / Time: 0h:5m:9s (0h:5m:49s left)
Iteration 420 / LogL: -7148.557 / Time: 0h:5m:16s (0h:5m:41s left)
Iteration 430 / LogL: -7085.409 / Time: 0h:5m:24s (0h:5m:33s left)
Iteration 440 / LogL: -7092.369 / Time: 0h:5m:31s (0h:5m:26s left)
Iteration 450 / LogL: -7136.446 / Time: 0h:5m:41s (0h:5m:20s left)
Log-likelihood cutoff on original alignment: -7120.215
Iteration 460 / LogL: -7105.406 / Time: 0h:5m:52s (0h:5m:16s left)
Iteration 470 / LogL: -7127.777 / Time: 0h:6m:1s (0h:5m:9s left)
Iteration 480 / LogL: -7128.712 / Time: 0h:6m:10s (0h:5m:3s left)
Iteration 490 / LogL: -7092.577 / Time: 0h:6m:17s (0h:4m:54s left)
Iteration 500 / LogL: -7129.609 / Time: 0h:6m:24s (0h:4m:46s left)
Log-likelihood cutoff on original alignment: -7120.215
NOTE: Bootstrap correlation coefficient of split occurrence frequencies: 0.990
Iteration 510 / LogL: -7086.758 / Time: 0h:6m:33s (0h:4m:39s left)
Iteration 520 / LogL: -7106.632 / Time: 0h:6m:41s (0h:4m:31s left)
Iteration 530 / LogL: -7127.780 / Time: 0h:6m:48s (0h:4m:23s left)
Iteration 540 / LogL: -7112.008 / Time: 0h:6m:55s (0h:4m:16s left)
Iteration 550 / LogL: -7097.432 / Time: 0h:7m:4s (0h:4m:9s left)
Log-likelihood cutoff on original alignment: -7120.215
Iteration 560 / LogL: -7116.373 / Time: 0h:7m:15s (0h:4m:2s left)
Iteration 570 / LogL: -7099.393 / Time: 0h:7m:24s (0h:3m:55s left)
Iteration 580 / LogL: -7092.921 / Time: 0h:7m:33s (0h:3m:48s left)
Iteration 590 / LogL: -7095.934 / Time: 0h:7m:42s (0h:3m:41s left)
Iteration 600 / LogL: -7106.301 / Time: 0h:7m:51s (0h:3m:34s left)
Log-likelihood cutoff on original alignment: -7120.351
NOTE: Bootstrap correlation coefficient of split occurrence frequencies: 0.992
Iteration 610 / LogL: -7094.833 / Time: 0h:8m:1s (0h:3m:27s left)
Iteration 620 / LogL: -7086.975 / Time: 0h:8m:10s (0h:3m:19s left)
Iteration 630 / LogL: -7087.545 / Time: 0h:8m:18s (0h:3m:11s left)
Iteration 640 / LogL: -7090.965 / Time: 0h:8m:27s (0h:3m:4s left)
Iteration 650 / LogL: -7094.570 / Time: 0h:8m:41s (0h:2m:58s left)
Log-likelihood cutoff on original alignment: -7120.351
Iteration 660 / LogL: -7096.358 / Time: 0h:8m:55s (0h:2m:52s left)
Iteration 670 / LogL: -7123.466 / Time: 0h:9m:4s (0h:2m:44s left)
Iteration 680 / LogL: -7085.637 / Time: 0h:9m:13s (0h:2m:36s left)
Iteration 690 / LogL: -7134.372 / Time: 0h:9m:22s (0h:2m:28s left)
Iteration 700 / LogL: -7090.716 / Time: 0h:9m:32s (0h:2m:20s left)
Log-likelihood cutoff on original alignment: -7120.351
NOTE: Bootstrap correlation coefficient of split occurrence frequencies: 0.995
Iteration 710 / LogL: -7089.040 / Time: 0h:9m:42s (0h:2m:13s left)
Iteration 720 / LogL: -7093.901 / Time: 0h:9m:51s (0h:2m:5s left)
Iteration 730 / LogL: -7093.517 / Time: 0h:10m:1s (0h:1m:57s left)
Iteration 740 / LogL: -7113.039 / Time: 0h:10m:11s (0h:1m:49s left)
Iteration 750 / LogL: -7110.828 / Time: 0h:10m:21s (0h:1m:41s left)
Log-likelihood cutoff on original alignment: -7120.351
Iteration 760 / LogL: -7088.263 / Time: 0h:10m:34s (0h:1m:33s left)
Iteration 770 / LogL: -7101.458 / Time: 0h:10m:44s (0h:1m:25s left)
Iteration 780 / LogL: -7118.307 / Time: 0h:10m:55s (0h:1m:17s left)
Iteration 790 / LogL: -7105.570 / Time: 0h:11m:5s (0h:1m:9s left)
Iteration 800 / LogL: -7100.255 / Time: 0h:11m:17s (0h:1m:1s left)
Log-likelihood cutoff on original alignment: -7120.745
NOTE: Bootstrap correlation coefficient of split occurrence frequencies: 0.995
Iteration 810 / LogL: -7098.278 / Time: 0h:11m:27s (0h:1m:16s left)
Iteration 820 / LogL: -7095.578 / Time: 0h:11m:38s (0h:1m:8s left)
Iteration 830 / LogL: -7096.512 / Time: 0h:11m:47s (0h:0m:59s left)
Iteration 840 / LogL: -7156.785 / Time: 0h:11m:57s (0h:0m:51s left)
Iteration 850 / LogL: -7092.895 / Time: 0h:12m:7s (0h:0m:42s left)
Log-likelihood cutoff on original alignment: -7120.745
Iteration 860 / LogL: -7103.794 / Time: 0h:12m:20s (0h:0m:34s left)
Iteration 870 / LogL: -7106.430 / Time: 0h:12m:31s (0h:0m:25s left)
TREE SEARCH COMPLETED AFTER 872 ITERATIONS / Time: 0h:12m:35s

--------------------------------------------------------------------
|                    FINALIZING TREE SEARCH                        |
--------------------------------------------------------------------
Performs final model parameters optimization
Estimate model parameters (epsilon = 0.010)
1. Initial log-likelihood: -7085.406
Optimal log-likelihood: -7085.398
Rate parameters:  A-C: 1.452  A-G: 5.386  A-T: 1.452  C-G: 1.000  C-T: 10.335  G-T: 1.000
Base frequencies:   A: 0.263  C: 0.190  G: 0.269  T: 0.278
Gamma shape alpha: 0.875
Parameters optimization took 1 rounds (0.116 sec)
BEST SCORE FOUND : -7085.398
Creating bootstrap support values...
Split supports printed to NEXUS file rep3.splits.nex
Total tree length: 0.543

Total number of iterations: 872
CPU time used for tree search: 1179.186 sec (0h:19m:39s)
Wall-clock time used for tree search: 754.316 sec (0h:12m:34s)
Total CPU time used: 1183.239 sec (0h:19m:43s)
Total wall-clock time used: 757.462 sec (0h:12m:37s)

Computing bootstrap consensus tree...
Reading input file rep3.splits.nex...
130 taxa and 3532 splits.
Consensus tree written to rep3.contree
Log-likelihood of consensus tree: -7085.642
Reading input trees file rep3.contree

Analysis results written to: 
  IQ-TREE report:                rep3.iqtree
  Maximum-likelihood tree:       rep3.treefile
  Likelihood distances:          rep3.mldist

Ultrafast bootstrap approximation results written to:
  Split support values:          rep3.splits.nex
  Consensus tree:                rep3.contree
  Screen log file:               rep3.log

Date and Time: Fri Sep  9 11:58:37 2016
